Added Component: Designator=C20(0603 cap - S)
Added Component: Designator=C21(0603 cap - S)
Added Component: Designator=C22(0603 cap - S)
Added Component: Designator=C23(0603 cap - S)
Added Component: Designator=C24(0603 cap - S)
Added Component: Designator=C25(0603 cap - S)
Added Component: Designator=C26(0603 cap - S)
Added Component: Designator=C27(0603 cap - S)
Added Pin To Net: NetName=GND Pin=C20-1
Added Pin To Net: NetName=+3V3 Pin=C20-2
Added Pin To Net: NetName=GND Pin=C21-1
Added Pin To Net: NetName=+3V3 Pin=C21-2
Added Pin To Net: NetName=GND Pin=C22-1
Added Pin To Net: NetName=BAT Pin=C22-2
Added Pin To Net: NetName=GND Pin=C23-1
Added Pin To Net: NetName=+3V3 Pin=C23-2
Added Pin To Net: NetName=GND Pin=C24-1
Added Pin To Net: NetName=+3V3 Pin=C24-2
Added Pin To Net: NetName=GND Pin=C25-1
Added Pin To Net: NetName=+3V3 Pin=C25-2
Added Pin To Net: NetName=GND Pin=C26-1
Added Pin To Net: NetName=+5 Pin=C26-2
Added Pin To Net: NetName=GND Pin=C27-1
Added Pin To Net: NetName=+5 Pin=C27-2
Added Member To Class: ClassName=Main Member=Component C20 0.1¦ÌF ¡À10% 6.3V
Added Member To Class: ClassName=Main Member=Component C21 0.1¦ÌF ¡À10% 6.3V
Added Member To Class: ClassName=Main Member=Component C22 0.1¦ÌF ¡À10% 6.3V
Added Member To Class: ClassName=Main Member=Component C23 0.1¦ÌF ¡À10% 6.3V
Added Member To Class: ClassName=Main Member=Component C24 0.1¦ÌF ¡À10% 6.3V
Added Member To Class: ClassName=Main Member=Component C25 0.1¦ÌF ¡À10% 6.3V
Added Member To Class: ClassName=Main Member=Component C26 0.1¦ÌF ¡À10% 6.3V
Added Member To Class: ClassName=Main Member=Component C27 0.1¦ÌF ¡À10% 6.3V
